Build started 4/26/2014 3:24:23 PM.
     1>Project "C:\Users\admin\Documents\Visual Studio 2010\Projects\FirstCuda\MPOpenCL\MPOpenCL.vcxproj" on node 2 (build target(s)).
     1>InitializeBuildStatus:
         Touching "Debug\MPOpenCL.unsuccessfulbuild".
       AddCudaCompileDeps:
       Skipping target "AddCudaCompileDeps" because all output files are up-to-date with respect to the input files.
       AddCudaCompilePropsDeps:
       Skipping target "AddCudaCompilePropsDeps" because all output files are up-to-date with respect to the input files.
       CudaBuild:
       Skipping target "CudaBuild" because all output files are up-to-date with respect to the input files.
       ManifestResourceCompile:
         All outputs are up-to-date.
       Link:
         C:\Program Files (x86)\Microsoft Visual Studio 10.0\VC\bin\link.exe /ERRORREPORT:PROMPT /OUT:"C:\Users\admin\Documents\Visual Studio 2010\Projects\FirstCuda\Debug\MPOpenCL.exe" /INCREMENTAL /NOLOGO /LIBPATH:"C:\Program Files\NVIDIA GPU Computing Toolkit\CUDA\v5.5\lib\Win32" cudart.lib kernel32.lib user32.lib gdi32.lib winspool.lib comdlg32.lib advapi32.lib shell32.lib ole32.lib oleaut32.lib uuid.lib odbc32.lib odbccp32.lib kernel32.lib user32.lib gdi32.lib winspool.lib comdlg32.lib advapi32.lib shell32.lib ole32.lib oleaut32.lib uuid.lib odbc32.lib odbccp32.lib /MANIFEST /ManifestFile:"Debug\MPOpenCL.exe.intermediate.manifest" /MANIFESTUAC:"level='asInvoker' uiAccess='false'" /DEBUG /PDB:"C:\Users\admin\Documents\Visual Studio 2010\Projects\FirstCuda\Debug\MPOpenCL.pdb" /SUBSYSTEM:CONSOLE /TLBID:1 /DYNAMICBASE /NXCOMPAT /IMPLIB:"C:\Users\admin\Documents\Visual Studio 2010\Projects\FirstCuda\Debug\MPOpenCL.lib" /MACHINE:X86 Debug\kernelCL.cu.obj
         Debug\MPOpenCL.exe.embed.manifest.res
     1>kernelCL.cu.obj : error LNK2019: unresolved external symbol _clReleaseMemObject@4 referenced in function _main
     1>kernelCL.cu.obj : error LNK2019: unresolved external symbol _clEnqueueReadBuffer@36 referenced in function _main
     1>kernelCL.cu.obj : error LNK2019: unresolved external symbol _clWaitForEvents@8 referenced in function _main
     1>kernelCL.cu.obj : error LNK2019: unresolved external symbol _clEnqueueNDRangeKernel@36 referenced in function _main
     1>kernelCL.cu.obj : error LNK2019: unresolved external symbol _clSetKernelArg@16 referenced in function _main
     1>kernelCL.cu.obj : error LNK2019: unresolved external symbol _clCreateBuffer@24 referenced in function _main
     1>kernelCL.cu.obj : error LNK2019: unresolved external symbol _clCreateKernel@12 referenced in function _main
     1>kernelCL.cu.obj : error LNK2019: unresolved external symbol _clBuildProgram@24 referenced in function _main
     1>kernelCL.cu.obj : error LNK2019: unresolved external symbol _clCreateProgramWithSource@20 referenced in function _main
     1>kernelCL.cu.obj : error LNK2019: unresolved external symbol _clCreateCommandQueue@20 referenced in function _main
     1>kernelCL.cu.obj : error LNK2019: unresolved external symbol _clGetContextInfo@20 referenced in function _main
     1>kernelCL.cu.obj : error LNK2019: unresolved external symbol _clCreateContextFromType@24 referenced in function _main
     1>kernelCL.cu.obj : error LNK2019: unresolved external symbol _clGetPlatformIDs@12 referenced in function _main
     1>C:\Users\admin\Documents\Visual Studio 2010\Projects\FirstCuda\Debug\MPOpenCL.exe : fatal error LNK1120: 13 unresolved externals
     1>Done Building Project "C:\Users\admin\Documents\Visual Studio 2010\Projects\FirstCuda\MPOpenCL\MPOpenCL.vcxproj" (build target(s)) -- FAILED.

Build FAILED.

Time Elapsed 00:00:00.11
