C:\USERS\ADMIN\DOCUMENTS\VISUAL STUDIO 2010\PROJECTS\FIRSTCUDA\DEBUG\MP3.EXE
C:\USERS\ADMIN\DOCUMENTS\VISUAL STUDIO 2010\PROJECTS\FIRSTCUDA\DEBUG\MP3.ILK
C:\USERS\ADMIN\DOCUMENTS\VISUAL STUDIO 2010\PROJECTS\FIRSTCUDA\DEBUG\MP3.PDB
C:\Users\admin\Documents\Visual Studio 2010\Projects\FirstCuda\MP3\Debug\kernel5.cu.cache
C:\Users\admin\Documents\Visual Studio 2010\Projects\FirstCuda\MP3\Debug\kernel5.cu.obj
C:\Users\admin\Documents\Visual Studio 2010\Projects\FirstCuda\MP3\Debug\link.7628.read.1.tlog
C:\Users\admin\Documents\Visual Studio 2010\Projects\FirstCuda\MP3\Debug\link.7628.write.1.tlog
C:\Users\admin\Documents\Visual Studio 2010\Projects\FirstCuda\MP3\Debug\link.7628-cvtres.read.1.tlog
C:\Users\admin\Documents\Visual Studio 2010\Projects\FirstCuda\MP3\Debug\link.7628-cvtres.write.1.tlog
C:\Users\admin\Documents\Visual Studio 2010\Projects\FirstCuda\MP3\Debug\link.command.1.tlog
C:\Users\admin\Documents\Visual Studio 2010\Projects\FirstCuda\MP3\Debug\link.read.1.tlog
C:\Users\admin\Documents\Visual Studio 2010\Projects\FirstCuda\MP3\Debug\link.write.1.tlog
C:\Users\admin\Documents\Visual Studio 2010\Projects\FirstCuda\MP3\Debug\link-cvtres.read.1.tlog
C:\Users\admin\Documents\Visual Studio 2010\Projects\FirstCuda\MP3\Debug\link-cvtres.write.1.tlog
C:\USERS\ADMIN\DOCUMENTS\VISUAL STUDIO 2010\PROJECTS\FIRSTCUDA\MP3\DEBUG\MP3.EXE.EMBED.MANIFEST
C:\USERS\ADMIN\DOCUMENTS\VISUAL STUDIO 2010\PROJECTS\FIRSTCUDA\MP3\DEBUG\MP3.EXE.EMBED.MANIFEST.RES
C:\USERS\ADMIN\DOCUMENTS\VISUAL STUDIO 2010\PROJECTS\FIRSTCUDA\MP3\DEBUG\MP3.EXE.INTERMEDIATE.MANIFEST
C:\Users\admin\Documents\Visual Studio 2010\Projects\FirstCuda\MP3\Debug\MP3.write.1.tlog
C:\Users\admin\Documents\Visual Studio 2010\Projects\FirstCuda\MP3\Debug\MP3_manifest.rc
C:\Users\admin\Documents\Visual Studio 2010\Projects\FirstCuda\MP3\Debug\mt.command.1.tlog
C:\Users\admin\Documents\Visual Studio 2010\Projects\FirstCuda\MP3\Debug\mt.read.1.tlog
C:\Users\admin\Documents\Visual Studio 2010\Projects\FirstCuda\MP3\Debug\mt.write.1.tlog
C:\Users\admin\Documents\Visual Studio 2010\Projects\FirstCuda\MP3\Debug\rc.command.1.tlog
C:\Users\admin\Documents\Visual Studio 2010\Projects\FirstCuda\MP3\Debug\rc.read.1.tlog
C:\Users\admin\Documents\Visual Studio 2010\Projects\FirstCuda\MP3\Debug\rc.write.1.tlog
