C:\USERS\ADMIN\DOCUMENTS\VISUAL STUDIO 2010\PROJECTS\FIRSTCUDA\COURSERADOTH\DEBUG\COURSERADOTH.EXE.EMBED.MANIFEST
C:\USERS\ADMIN\DOCUMENTS\VISUAL STUDIO 2010\PROJECTS\FIRSTCUDA\COURSERADOTH\DEBUG\COURSERADOTH.EXE.EMBED.MANIFEST.RES
C:\USERS\ADMIN\DOCUMENTS\VISUAL STUDIO 2010\PROJECTS\FIRSTCUDA\COURSERADOTH\DEBUG\COURSERADOTH.EXE.INTERMEDIATE.MANIFEST
C:\Users\admin\Documents\Visual Studio 2010\Projects\FirstCuda\CourseraDotH\Debug\CourseraDotH.write.1.tlog
C:\Users\admin\Documents\Visual Studio 2010\Projects\FirstCuda\CourseraDotH\Debug\CourseraDotH_manifest.rc
C:\Users\admin\Documents\Visual Studio 2010\Projects\FirstCuda\CourseraDotH\Debug\kernel.cu.cache
C:\Users\admin\Documents\Visual Studio 2010\Projects\FirstCuda\CourseraDotH\Debug\kernel.cu.obj
C:\Users\admin\Documents\Visual Studio 2010\Projects\FirstCuda\CourseraDotH\Debug\link.7296.read.1.tlog
C:\Users\admin\Documents\Visual Studio 2010\Projects\FirstCuda\CourseraDotH\Debug\link.7296.write.1.tlog
C:\Users\admin\Documents\Visual Studio 2010\Projects\FirstCuda\CourseraDotH\Debug\link.7296-cvtres.read.1.tlog
C:\Users\admin\Documents\Visual Studio 2010\Projects\FirstCuda\CourseraDotH\Debug\link.7296-cvtres.write.1.tlog
C:\Users\admin\Documents\Visual Studio 2010\Projects\FirstCuda\CourseraDotH\Debug\link.command.1.tlog
C:\Users\admin\Documents\Visual Studio 2010\Projects\FirstCuda\CourseraDotH\Debug\link.read.1.tlog
C:\Users\admin\Documents\Visual Studio 2010\Projects\FirstCuda\CourseraDotH\Debug\link.write.1.tlog
C:\Users\admin\Documents\Visual Studio 2010\Projects\FirstCuda\CourseraDotH\Debug\link-cvtres.read.1.tlog
C:\Users\admin\Documents\Visual Studio 2010\Projects\FirstCuda\CourseraDotH\Debug\link-cvtres.write.1.tlog
C:\Users\admin\Documents\Visual Studio 2010\Projects\FirstCuda\CourseraDotH\Debug\mt.command.1.tlog
C:\Users\admin\Documents\Visual Studio 2010\Projects\FirstCuda\CourseraDotH\Debug\mt.read.1.tlog
C:\Users\admin\Documents\Visual Studio 2010\Projects\FirstCuda\CourseraDotH\Debug\mt.write.1.tlog
C:\Users\admin\Documents\Visual Studio 2010\Projects\FirstCuda\CourseraDotH\Debug\rc.command.1.tlog
C:\Users\admin\Documents\Visual Studio 2010\Projects\FirstCuda\CourseraDotH\Debug\rc.read.1.tlog
C:\Users\admin\Documents\Visual Studio 2010\Projects\FirstCuda\CourseraDotH\Debug\rc.write.1.tlog
C:\USERS\ADMIN\DOCUMENTS\VISUAL STUDIO 2010\PROJECTS\FIRSTCUDA\DEBUG\COURSERADOTH.EXE
C:\USERS\ADMIN\DOCUMENTS\VISUAL STUDIO 2010\PROJECTS\FIRSTCUDA\DEBUG\COURSERADOTH.ILK
C:\USERS\ADMIN\DOCUMENTS\VISUAL STUDIO 2010\PROJECTS\FIRSTCUDA\DEBUG\COURSERADOTH.PDB
