C:\USERS\ADMIN\DOCUMENTS\VISUAL STUDIO 2010\PROJECTS\FIRSTCUDA\DEBUG\MP1.EXE
C:\USERS\ADMIN\DOCUMENTS\VISUAL STUDIO 2010\PROJECTS\FIRSTCUDA\DEBUG\MP1.ILK
C:\USERS\ADMIN\DOCUMENTS\VISUAL STUDIO 2010\PROJECTS\FIRSTCUDA\DEBUG\MP1.PDB
C:\Users\admin\Documents\Visual Studio 2010\Projects\FirstCuda\MP1\Debug\kernel2.cu.cache
C:\Users\admin\Documents\Visual Studio 2010\Projects\FirstCuda\MP1\Debug\kernel2.cu.obj
C:\Users\admin\Documents\Visual Studio 2010\Projects\FirstCuda\MP1\Debug\link.7796.read.1.tlog
C:\Users\admin\Documents\Visual Studio 2010\Projects\FirstCuda\MP1\Debug\link.7796.write.1.tlog
C:\Users\admin\Documents\Visual Studio 2010\Projects\FirstCuda\MP1\Debug\link.7796-cvtres.read.1.tlog
C:\Users\admin\Documents\Visual Studio 2010\Projects\FirstCuda\MP1\Debug\link.7796-cvtres.write.1.tlog
C:\Users\admin\Documents\Visual Studio 2010\Projects\FirstCuda\MP1\Debug\link.command.1.tlog
C:\Users\admin\Documents\Visual Studio 2010\Projects\FirstCuda\MP1\Debug\link.read.1.tlog
C:\Users\admin\Documents\Visual Studio 2010\Projects\FirstCuda\MP1\Debug\link.write.1.tlog
C:\Users\admin\Documents\Visual Studio 2010\Projects\FirstCuda\MP1\Debug\link-cvtres.read.1.tlog
C:\Users\admin\Documents\Visual Studio 2010\Projects\FirstCuda\MP1\Debug\link-cvtres.write.1.tlog
C:\USERS\ADMIN\DOCUMENTS\VISUAL STUDIO 2010\PROJECTS\FIRSTCUDA\MP1\DEBUG\MP1.EXE.EMBED.MANIFEST
C:\USERS\ADMIN\DOCUMENTS\VISUAL STUDIO 2010\PROJECTS\FIRSTCUDA\MP1\DEBUG\MP1.EXE.EMBED.MANIFEST.RES
C:\USERS\ADMIN\DOCUMENTS\VISUAL STUDIO 2010\PROJECTS\FIRSTCUDA\MP1\DEBUG\MP1.EXE.INTERMEDIATE.MANIFEST
C:\Users\admin\Documents\Visual Studio 2010\Projects\FirstCuda\MP1\Debug\MP1.write.1.tlog
C:\Users\admin\Documents\Visual Studio 2010\Projects\FirstCuda\MP1\Debug\MP1_manifest.rc
C:\Users\admin\Documents\Visual Studio 2010\Projects\FirstCuda\MP1\Debug\mt.command.1.tlog
C:\Users\admin\Documents\Visual Studio 2010\Projects\FirstCuda\MP1\Debug\mt.read.1.tlog
C:\Users\admin\Documents\Visual Studio 2010\Projects\FirstCuda\MP1\Debug\mt.write.1.tlog
C:\Users\admin\Documents\Visual Studio 2010\Projects\FirstCuda\MP1\Debug\rc.command.1.tlog
C:\Users\admin\Documents\Visual Studio 2010\Projects\FirstCuda\MP1\Debug\rc.read.1.tlog
C:\Users\admin\Documents\Visual Studio 2010\Projects\FirstCuda\MP1\Debug\rc.write.1.tlog
