C:\USERS\ADMIN\DOCUMENTS\VISUAL STUDIO 2010\PROJECTS\FIRSTCUDA\DEBUG\MP2.EXE
C:\USERS\ADMIN\DOCUMENTS\VISUAL STUDIO 2010\PROJECTS\FIRSTCUDA\DEBUG\MP2.ILK
C:\USERS\ADMIN\DOCUMENTS\VISUAL STUDIO 2010\PROJECTS\FIRSTCUDA\DEBUG\MP2.PDB
C:\Users\admin\Documents\Visual Studio 2010\Projects\FirstCuda\MP2\Debug\kernel3.cu.cache
C:\Users\admin\Documents\Visual Studio 2010\Projects\FirstCuda\MP2\Debug\kernel3.cu.obj
C:\Users\admin\Documents\Visual Studio 2010\Projects\FirstCuda\MP2\Debug\link.7624.read.1.tlog
C:\Users\admin\Documents\Visual Studio 2010\Projects\FirstCuda\MP2\Debug\link.7624.write.1.tlog
C:\Users\admin\Documents\Visual Studio 2010\Projects\FirstCuda\MP2\Debug\link.7624-cvtres.read.1.tlog
C:\Users\admin\Documents\Visual Studio 2010\Projects\FirstCuda\MP2\Debug\link.7624-cvtres.write.1.tlog
C:\Users\admin\Documents\Visual Studio 2010\Projects\FirstCuda\MP2\Debug\link.command.1.tlog
C:\Users\admin\Documents\Visual Studio 2010\Projects\FirstCuda\MP2\Debug\link.read.1.tlog
C:\Users\admin\Documents\Visual Studio 2010\Projects\FirstCuda\MP2\Debug\link.write.1.tlog
C:\Users\admin\Documents\Visual Studio 2010\Projects\FirstCuda\MP2\Debug\link-cvtres.read.1.tlog
C:\Users\admin\Documents\Visual Studio 2010\Projects\FirstCuda\MP2\Debug\link-cvtres.write.1.tlog
C:\USERS\ADMIN\DOCUMENTS\VISUAL STUDIO 2010\PROJECTS\FIRSTCUDA\MP2\DEBUG\MP2.EXE.EMBED.MANIFEST
C:\USERS\ADMIN\DOCUMENTS\VISUAL STUDIO 2010\PROJECTS\FIRSTCUDA\MP2\DEBUG\MP2.EXE.EMBED.MANIFEST.RES
C:\USERS\ADMIN\DOCUMENTS\VISUAL STUDIO 2010\PROJECTS\FIRSTCUDA\MP2\DEBUG\MP2.EXE.INTERMEDIATE.MANIFEST
C:\Users\admin\Documents\Visual Studio 2010\Projects\FirstCuda\MP2\Debug\MP2.write.1.tlog
C:\Users\admin\Documents\Visual Studio 2010\Projects\FirstCuda\MP2\Debug\MP2_manifest.rc
C:\Users\admin\Documents\Visual Studio 2010\Projects\FirstCuda\MP2\Debug\mt.command.1.tlog
C:\Users\admin\Documents\Visual Studio 2010\Projects\FirstCuda\MP2\Debug\mt.read.1.tlog
C:\Users\admin\Documents\Visual Studio 2010\Projects\FirstCuda\MP2\Debug\mt.write.1.tlog
C:\Users\admin\Documents\Visual Studio 2010\Projects\FirstCuda\MP2\Debug\rc.command.1.tlog
C:\Users\admin\Documents\Visual Studio 2010\Projects\FirstCuda\MP2\Debug\rc.read.1.tlog
C:\Users\admin\Documents\Visual Studio 2010\Projects\FirstCuda\MP2\Debug\rc.write.1.tlog
