C:\USERS\ADMIN\DOCUMENTS\VISUAL STUDIO 2010\PROJECTS\FIRSTCUDA\DEBUG\MP4LISTREDUCTION.EXE
C:\USERS\ADMIN\DOCUMENTS\VISUAL STUDIO 2010\PROJECTS\FIRSTCUDA\DEBUG\MP4LISTREDUCTION.ILK
C:\USERS\ADMIN\DOCUMENTS\VISUAL STUDIO 2010\PROJECTS\FIRSTCUDA\DEBUG\MP4LISTREDUCTION.PDB
C:\Users\admin\Documents\Visual Studio 2010\Projects\FirstCuda\ListReduction\Debug\kernel6.cu.cache
C:\Users\admin\Documents\Visual Studio 2010\Projects\FirstCuda\ListReduction\Debug\kernel6.cu.obj
C:\Users\admin\Documents\Visual Studio 2010\Projects\FirstCuda\ListReduction\Debug\link.4148.read.1.tlog
C:\Users\admin\Documents\Visual Studio 2010\Projects\FirstCuda\ListReduction\Debug\link.4148.write.1.tlog
C:\Users\admin\Documents\Visual Studio 2010\Projects\FirstCuda\ListReduction\Debug\link.4148-cvtres.read.1.tlog
C:\Users\admin\Documents\Visual Studio 2010\Projects\FirstCuda\ListReduction\Debug\link.4148-cvtres.write.1.tlog
C:\Users\admin\Documents\Visual Studio 2010\Projects\FirstCuda\ListReduction\Debug\link.command.1.tlog
C:\Users\admin\Documents\Visual Studio 2010\Projects\FirstCuda\ListReduction\Debug\link.read.1.tlog
C:\Users\admin\Documents\Visual Studio 2010\Projects\FirstCuda\ListReduction\Debug\link.write.1.tlog
C:\Users\admin\Documents\Visual Studio 2010\Projects\FirstCuda\ListReduction\Debug\link-cvtres.read.1.tlog
C:\Users\admin\Documents\Visual Studio 2010\Projects\FirstCuda\ListReduction\Debug\link-cvtres.write.1.tlog
C:\USERS\ADMIN\DOCUMENTS\VISUAL STUDIO 2010\PROJECTS\FIRSTCUDA\LISTREDUCTION\DEBUG\MP4LISTREDUCTION.EXE.EMBED.MANIFEST
C:\USERS\ADMIN\DOCUMENTS\VISUAL STUDIO 2010\PROJECTS\FIRSTCUDA\LISTREDUCTION\DEBUG\MP4LISTREDUCTION.EXE.EMBED.MANIFEST.RES
C:\USERS\ADMIN\DOCUMENTS\VISUAL STUDIO 2010\PROJECTS\FIRSTCUDA\LISTREDUCTION\DEBUG\MP4LISTREDUCTION.EXE.INTERMEDIATE.MANIFEST
C:\Users\admin\Documents\Visual Studio 2010\Projects\FirstCuda\ListReduction\Debug\MP4ListReduction.write.1.tlog
C:\Users\admin\Documents\Visual Studio 2010\Projects\FirstCuda\ListReduction\Debug\MP4ListReduction_manifest.rc
C:\Users\admin\Documents\Visual Studio 2010\Projects\FirstCuda\ListReduction\Debug\mt.command.1.tlog
C:\Users\admin\Documents\Visual Studio 2010\Projects\FirstCuda\ListReduction\Debug\mt.read.1.tlog
C:\Users\admin\Documents\Visual Studio 2010\Projects\FirstCuda\ListReduction\Debug\mt.write.1.tlog
C:\Users\admin\Documents\Visual Studio 2010\Projects\FirstCuda\ListReduction\Debug\rc.command.1.tlog
C:\Users\admin\Documents\Visual Studio 2010\Projects\FirstCuda\ListReduction\Debug\rc.read.1.tlog
C:\Users\admin\Documents\Visual Studio 2010\Projects\FirstCuda\ListReduction\Debug\rc.write.1.tlog
