C:\USERS\ADMIN\DOCUMENTS\VISUAL STUDIO 2010\PROJECTS\FIRSTCUDA\DEBUG\MP2TILED.EXE
C:\USERS\ADMIN\DOCUMENTS\VISUAL STUDIO 2010\PROJECTS\FIRSTCUDA\DEBUG\MP2TILED.ILK
C:\USERS\ADMIN\DOCUMENTS\VISUAL STUDIO 2010\PROJECTS\FIRSTCUDA\DEBUG\MP2TILED.PDB
C:\Users\admin\Documents\Visual Studio 2010\Projects\FirstCuda\MP2Tiled\Debug\kernel4.cu.cache
C:\Users\admin\Documents\Visual Studio 2010\Projects\FirstCuda\MP2Tiled\Debug\kernel4.cu.obj
C:\Users\admin\Documents\Visual Studio 2010\Projects\FirstCuda\MP2Tiled\Debug\link.7760.read.1.tlog
C:\Users\admin\Documents\Visual Studio 2010\Projects\FirstCuda\MP2Tiled\Debug\link.7760.write.1.tlog
C:\Users\admin\Documents\Visual Studio 2010\Projects\FirstCuda\MP2Tiled\Debug\link.7760-cvtres.read.1.tlog
C:\Users\admin\Documents\Visual Studio 2010\Projects\FirstCuda\MP2Tiled\Debug\link.7760-cvtres.write.1.tlog
C:\Users\admin\Documents\Visual Studio 2010\Projects\FirstCuda\MP2Tiled\Debug\link.command.1.tlog
C:\Users\admin\Documents\Visual Studio 2010\Projects\FirstCuda\MP2Tiled\Debug\link.read.1.tlog
C:\Users\admin\Documents\Visual Studio 2010\Projects\FirstCuda\MP2Tiled\Debug\link.write.1.tlog
C:\Users\admin\Documents\Visual Studio 2010\Projects\FirstCuda\MP2Tiled\Debug\link-cvtres.read.1.tlog
C:\Users\admin\Documents\Visual Studio 2010\Projects\FirstCuda\MP2Tiled\Debug\link-cvtres.write.1.tlog
C:\USERS\ADMIN\DOCUMENTS\VISUAL STUDIO 2010\PROJECTS\FIRSTCUDA\MP2TILED\DEBUG\MP2TILED.EXE.EMBED.MANIFEST
C:\USERS\ADMIN\DOCUMENTS\VISUAL STUDIO 2010\PROJECTS\FIRSTCUDA\MP2TILED\DEBUG\MP2TILED.EXE.EMBED.MANIFEST.RES
C:\USERS\ADMIN\DOCUMENTS\VISUAL STUDIO 2010\PROJECTS\FIRSTCUDA\MP2TILED\DEBUG\MP2TILED.EXE.INTERMEDIATE.MANIFEST
C:\Users\admin\Documents\Visual Studio 2010\Projects\FirstCuda\MP2Tiled\Debug\MP2Tiled.write.1.tlog
C:\Users\admin\Documents\Visual Studio 2010\Projects\FirstCuda\MP2Tiled\Debug\MP2Tiled_manifest.rc
C:\Users\admin\Documents\Visual Studio 2010\Projects\FirstCuda\MP2Tiled\Debug\mt.command.1.tlog
C:\Users\admin\Documents\Visual Studio 2010\Projects\FirstCuda\MP2Tiled\Debug\mt.read.1.tlog
C:\Users\admin\Documents\Visual Studio 2010\Projects\FirstCuda\MP2Tiled\Debug\mt.write.1.tlog
C:\Users\admin\Documents\Visual Studio 2010\Projects\FirstCuda\MP2Tiled\Debug\rc.command.1.tlog
C:\Users\admin\Documents\Visual Studio 2010\Projects\FirstCuda\MP2Tiled\Debug\rc.read.1.tlog
C:\Users\admin\Documents\Visual Studio 2010\Projects\FirstCuda\MP2Tiled\Debug\rc.write.1.tlog
