C:\USERS\ADMIN\DOCUMENTS\VISUAL STUDIO 2010\PROJECTS\FIRSTCUDA\DEBUG\OPENACC.EXE
C:\USERS\ADMIN\DOCUMENTS\VISUAL STUDIO 2010\PROJECTS\FIRSTCUDA\DEBUG\OPENACC.ILK
C:\USERS\ADMIN\DOCUMENTS\VISUAL STUDIO 2010\PROJECTS\FIRSTCUDA\DEBUG\OPENACC.PDB
C:\USERS\ADMIN\DOCUMENTS\VISUAL STUDIO 2010\PROJECTS\FIRSTCUDA\OPENACC\DEBUG\.NETFRAMEWORK,VERSION=V4.0.ASSEMBLYATTRIBUTES.OBJ
C:\USERS\ADMIN\DOCUMENTS\VISUAL STUDIO 2010\PROJECTS\FIRSTCUDA\OPENACC\DEBUG\APP.RES
C:\USERS\ADMIN\DOCUMENTS\VISUAL STUDIO 2010\PROJECTS\FIRSTCUDA\OPENACC\DEBUG\ASSEMBLYINFO.OBJ
C:\Users\admin\documents\visual studio 2010\Projects\FirstCuda\OpenACC\Debug\cl.command.1.tlog
C:\Users\admin\documents\visual studio 2010\Projects\FirstCuda\OpenACC\Debug\CL.read.1.tlog
C:\Users\admin\documents\visual studio 2010\Projects\FirstCuda\OpenACC\Debug\CL.write.1.tlog
C:\Users\admin\documents\visual studio 2010\Projects\FirstCuda\OpenACC\Debug\link.5544.read.1.tlog
C:\Users\admin\documents\visual studio 2010\Projects\FirstCuda\OpenACC\Debug\link.5544.write.1.tlog
C:\Users\admin\documents\visual studio 2010\Projects\FirstCuda\OpenACC\Debug\link.5544-cvtres.read.1.tlog
C:\Users\admin\documents\visual studio 2010\Projects\FirstCuda\OpenACC\Debug\link.5544-cvtres.write.1.tlog
C:\Users\admin\documents\visual studio 2010\Projects\FirstCuda\OpenACC\Debug\link.command.1.tlog
C:\Users\admin\documents\visual studio 2010\Projects\FirstCuda\OpenACC\Debug\link.read.1.tlog
C:\Users\admin\documents\visual studio 2010\Projects\FirstCuda\OpenACC\Debug\link.write.1.tlog
C:\Users\admin\documents\visual studio 2010\Projects\FirstCuda\OpenACC\Debug\metagen.read.1.tlog
C:\Users\admin\documents\visual studio 2010\Projects\FirstCuda\OpenACC\Debug\metagen.write.1.tlog
C:\Users\admin\documents\visual studio 2010\Projects\FirstCuda\OpenACC\Debug\mt.command.1.tlog
C:\Users\admin\documents\visual studio 2010\Projects\FirstCuda\OpenACC\Debug\mt.read.1.tlog
C:\Users\admin\documents\visual studio 2010\Projects\FirstCuda\OpenACC\Debug\mt.write.1.tlog
C:\USERS\ADMIN\DOCUMENTS\VISUAL STUDIO 2010\PROJECTS\FIRSTCUDA\OPENACC\DEBUG\OPENACC.EXE.INTERMEDIATE.MANIFEST
C:\USERS\ADMIN\DOCUMENTS\VISUAL STUDIO 2010\PROJECTS\FIRSTCUDA\OPENACC\DEBUG\OPENACC.OBJ
C:\USERS\ADMIN\DOCUMENTS\VISUAL STUDIO 2010\PROJECTS\FIRSTCUDA\OPENACC\DEBUG\OPENACC.PCH
C:\Users\admin\documents\visual studio 2010\Projects\FirstCuda\OpenACC\Debug\OpenACC.write.1.tlog
C:\Users\admin\documents\visual studio 2010\Projects\FirstCuda\OpenACC\Debug\rc.command.1.tlog
C:\Users\admin\documents\visual studio 2010\Projects\FirstCuda\OpenACC\Debug\rc.read.1.tlog
C:\Users\admin\documents\visual studio 2010\Projects\FirstCuda\OpenACC\Debug\rc.write.1.tlog
C:\Users\admin\documents\visual studio 2010\Projects\FirstCuda\OpenACC\Debug\RSAENH.DLL.bi
C:\USERS\ADMIN\DOCUMENTS\VISUAL STUDIO 2010\PROJECTS\FIRSTCUDA\OPENACC\DEBUG\STDAFX.OBJ
C:\Users\admin\documents\visual studio 2010\Projects\FirstCuda\OpenACC\Debug\TZRES.DLL.bi
C:\USERS\ADMIN\DOCUMENTS\VISUAL STUDIO 2010\PROJECTS\FIRSTCUDA\OPENACC\DEBUG\VC100.PDB
