C:\USERS\ADMIN\DOCUMENTS\VISUAL STUDIO 2010\PROJECTS\FIRSTCUDA\DEBUG\FIRSTCUDA.EXE
C:\USERS\ADMIN\DOCUMENTS\VISUAL STUDIO 2010\PROJECTS\FIRSTCUDA\DEBUG\FIRSTCUDA.ILK
C:\USERS\ADMIN\DOCUMENTS\VISUAL STUDIO 2010\PROJECTS\FIRSTCUDA\DEBUG\FIRSTCUDA.PDB
C:\USERS\ADMIN\DOCUMENTS\VISUAL STUDIO 2010\PROJECTS\FIRSTCUDA\FIRSTCUDA\DEBUG\FIRSTCUDA.EXE.EMBED.MANIFEST
C:\USERS\ADMIN\DOCUMENTS\VISUAL STUDIO 2010\PROJECTS\FIRSTCUDA\FIRSTCUDA\DEBUG\FIRSTCUDA.EXE.EMBED.MANIFEST.RES
C:\USERS\ADMIN\DOCUMENTS\VISUAL STUDIO 2010\PROJECTS\FIRSTCUDA\FIRSTCUDA\DEBUG\FIRSTCUDA.EXE.INTERMEDIATE.MANIFEST
C:\Users\admin\Documents\Visual Studio 2010\Projects\FirstCuda\FirstCuda\Debug\FirstCuda.write.1.tlog
C:\Users\admin\Documents\Visual Studio 2010\Projects\FirstCuda\FirstCuda\Debug\FirstCuda_manifest.rc
C:\Users\admin\Documents\Visual Studio 2010\Projects\FirstCuda\FirstCuda\Debug\kernel.cu.cache
C:\Users\admin\Documents\Visual Studio 2010\Projects\FirstCuda\FirstCuda\Debug\kernel.cu.obj
C:\Users\admin\Documents\Visual Studio 2010\Projects\FirstCuda\FirstCuda\Debug\link.7568.read.1.tlog
C:\Users\admin\Documents\Visual Studio 2010\Projects\FirstCuda\FirstCuda\Debug\link.7568.write.1.tlog
C:\Users\admin\Documents\Visual Studio 2010\Projects\FirstCuda\FirstCuda\Debug\link.7568-cvtres.read.1.tlog
C:\Users\admin\Documents\Visual Studio 2010\Projects\FirstCuda\FirstCuda\Debug\link.7568-cvtres.write.1.tlog
C:\Users\admin\Documents\Visual Studio 2010\Projects\FirstCuda\FirstCuda\Debug\link.command.1.tlog
C:\Users\admin\Documents\Visual Studio 2010\Projects\FirstCuda\FirstCuda\Debug\link.read.1.tlog
C:\Users\admin\Documents\Visual Studio 2010\Projects\FirstCuda\FirstCuda\Debug\link.write.1.tlog
C:\Users\admin\Documents\Visual Studio 2010\Projects\FirstCuda\FirstCuda\Debug\link-cvtres.read.1.tlog
C:\Users\admin\Documents\Visual Studio 2010\Projects\FirstCuda\FirstCuda\Debug\link-cvtres.write.1.tlog
C:\Users\admin\Documents\Visual Studio 2010\Projects\FirstCuda\FirstCuda\Debug\mt.command.1.tlog
C:\Users\admin\Documents\Visual Studio 2010\Projects\FirstCuda\FirstCuda\Debug\mt.read.1.tlog
C:\Users\admin\Documents\Visual Studio 2010\Projects\FirstCuda\FirstCuda\Debug\mt.write.1.tlog
C:\Users\admin\Documents\Visual Studio 2010\Projects\FirstCuda\FirstCuda\Debug\rc.command.1.tlog
C:\Users\admin\Documents\Visual Studio 2010\Projects\FirstCuda\FirstCuda\Debug\rc.read.1.tlog
C:\Users\admin\Documents\Visual Studio 2010\Projects\FirstCuda\FirstCuda\Debug\rc.write.1.tlog
