C:\USERS\ADMIN\DOCUMENTS\VISUAL STUDIO 2010\PROJECTS\FIRSTCUDA\DEBUG\MP0.EXE
C:\USERS\ADMIN\DOCUMENTS\VISUAL STUDIO 2010\PROJECTS\FIRSTCUDA\DEBUG\MP0.ILK
C:\USERS\ADMIN\DOCUMENTS\VISUAL STUDIO 2010\PROJECTS\FIRSTCUDA\DEBUG\MP0.PDB
C:\Users\admin\documents\visual studio 2010\Projects\FirstCuda\MP0\Debug\kernel0.cu.cache
C:\Users\admin\documents\visual studio 2010\Projects\FirstCuda\MP0\Debug\kernel0.cu.obj
C:\Users\admin\documents\visual studio 2010\Projects\FirstCuda\MP0\Debug\link.8032.read.1.tlog
C:\Users\admin\documents\visual studio 2010\Projects\FirstCuda\MP0\Debug\link.8032.write.1.tlog
C:\Users\admin\documents\visual studio 2010\Projects\FirstCuda\MP0\Debug\link.8032-cvtres.read.1.tlog
C:\Users\admin\documents\visual studio 2010\Projects\FirstCuda\MP0\Debug\link.8032-cvtres.write.1.tlog
C:\Users\admin\documents\visual studio 2010\Projects\FirstCuda\MP0\Debug\link.command.1.tlog
C:\Users\admin\documents\visual studio 2010\Projects\FirstCuda\MP0\Debug\link.read.1.tlog
C:\Users\admin\documents\visual studio 2010\Projects\FirstCuda\MP0\Debug\link.write.1.tlog
C:\Users\admin\documents\visual studio 2010\Projects\FirstCuda\MP0\Debug\link-cvtres.read.1.tlog
C:\Users\admin\documents\visual studio 2010\Projects\FirstCuda\MP0\Debug\link-cvtres.write.1.tlog
C:\USERS\ADMIN\DOCUMENTS\VISUAL STUDIO 2010\PROJECTS\FIRSTCUDA\MP0\DEBUG\MP0.EXE.EMBED.MANIFEST
C:\USERS\ADMIN\DOCUMENTS\VISUAL STUDIO 2010\PROJECTS\FIRSTCUDA\MP0\DEBUG\MP0.EXE.EMBED.MANIFEST.RES
C:\USERS\ADMIN\DOCUMENTS\VISUAL STUDIO 2010\PROJECTS\FIRSTCUDA\MP0\DEBUG\MP0.EXE.INTERMEDIATE.MANIFEST
C:\Users\admin\documents\visual studio 2010\Projects\FirstCuda\MP0\Debug\MP0.write.1.tlog
C:\Users\admin\documents\visual studio 2010\Projects\FirstCuda\MP0\Debug\MP0_manifest.rc
C:\Users\admin\documents\visual studio 2010\Projects\FirstCuda\MP0\Debug\mt.command.1.tlog
C:\Users\admin\documents\visual studio 2010\Projects\FirstCuda\MP0\Debug\mt.read.1.tlog
C:\Users\admin\documents\visual studio 2010\Projects\FirstCuda\MP0\Debug\mt.write.1.tlog
C:\Users\admin\documents\visual studio 2010\Projects\FirstCuda\MP0\Debug\rc.command.1.tlog
C:\Users\admin\documents\visual studio 2010\Projects\FirstCuda\MP0\Debug\rc.read.1.tlog
C:\Users\admin\documents\visual studio 2010\Projects\FirstCuda\MP0\Debug\rc.write.1.tlog
