C:\USERS\ADMIN\DOCUMENTS\VISUAL STUDIO 2010\PROJECTS\FIRSTCUDA\DEBUG\STREAMASYNCLOADING.EXE
C:\USERS\ADMIN\DOCUMENTS\VISUAL STUDIO 2010\PROJECTS\FIRSTCUDA\DEBUG\STREAMASYNCLOADING.ILK
C:\USERS\ADMIN\DOCUMENTS\VISUAL STUDIO 2010\PROJECTS\FIRSTCUDA\DEBUG\STREAMASYNCLOADING.PDB
C:\Users\admin\Documents\Visual Studio 2010\Projects\FirstCuda\StreamAsyncLoading\Debug\kernelStr.cu.cache
C:\Users\admin\Documents\Visual Studio 2010\Projects\FirstCuda\StreamAsyncLoading\Debug\kernelStr.cu.obj
C:\Users\admin\Documents\Visual Studio 2010\Projects\FirstCuda\StreamAsyncLoading\Debug\link.1408.read.1.tlog
C:\Users\admin\Documents\Visual Studio 2010\Projects\FirstCuda\StreamAsyncLoading\Debug\link.1408.write.1.tlog
C:\Users\admin\Documents\Visual Studio 2010\Projects\FirstCuda\StreamAsyncLoading\Debug\link.1408-cvtres.read.1.tlog
C:\Users\admin\Documents\Visual Studio 2010\Projects\FirstCuda\StreamAsyncLoading\Debug\link.1408-cvtres.write.1.tlog
C:\Users\admin\Documents\Visual Studio 2010\Projects\FirstCuda\StreamAsyncLoading\Debug\link.command.1.tlog
C:\Users\admin\Documents\Visual Studio 2010\Projects\FirstCuda\StreamAsyncLoading\Debug\link.read.1.tlog
C:\Users\admin\Documents\Visual Studio 2010\Projects\FirstCuda\StreamAsyncLoading\Debug\link.write.1.tlog
C:\Users\admin\Documents\Visual Studio 2010\Projects\FirstCuda\StreamAsyncLoading\Debug\link-cvtres.read.1.tlog
C:\Users\admin\Documents\Visual Studio 2010\Projects\FirstCuda\StreamAsyncLoading\Debug\link-cvtres.write.1.tlog
C:\Users\admin\Documents\Visual Studio 2010\Projects\FirstCuda\StreamAsyncLoading\Debug\mt.command.1.tlog
C:\Users\admin\Documents\Visual Studio 2010\Projects\FirstCuda\StreamAsyncLoading\Debug\mt.read.1.tlog
C:\Users\admin\Documents\Visual Studio 2010\Projects\FirstCuda\StreamAsyncLoading\Debug\mt.write.1.tlog
C:\Users\admin\Documents\Visual Studio 2010\Projects\FirstCuda\StreamAsyncLoading\Debug\rc.command.1.tlog
C:\Users\admin\Documents\Visual Studio 2010\Projects\FirstCuda\StreamAsyncLoading\Debug\rc.read.1.tlog
C:\Users\admin\Documents\Visual Studio 2010\Projects\FirstCuda\StreamAsyncLoading\Debug\rc.write.1.tlog
C:\USERS\ADMIN\DOCUMENTS\VISUAL STUDIO 2010\PROJECTS\FIRSTCUDA\STREAMASYNCLOADING\DEBUG\STREAMASYNCLOADING.EXE.EMBED.MANIFEST
C:\USERS\ADMIN\DOCUMENTS\VISUAL STUDIO 2010\PROJECTS\FIRSTCUDA\STREAMASYNCLOADING\DEBUG\STREAMASYNCLOADING.EXE.EMBED.MANIFEST.RES
C:\USERS\ADMIN\DOCUMENTS\VISUAL STUDIO 2010\PROJECTS\FIRSTCUDA\STREAMASYNCLOADING\DEBUG\STREAMASYNCLOADING.EXE.INTERMEDIATE.MANIFEST
C:\Users\admin\Documents\Visual Studio 2010\Projects\FirstCuda\StreamAsyncLoading\Debug\StreamAsyncLoading.vcxprojResolveAssemblyReference.cache
C:\Users\admin\Documents\Visual Studio 2010\Projects\FirstCuda\StreamAsyncLoading\Debug\StreamAsyncLoading.write.1.tlog
C:\Users\admin\Documents\Visual Studio 2010\Projects\FirstCuda\StreamAsyncLoading\Debug\StreamAsyncLoading_manifest.rc
