Build started 3/8/2014 6:03:13 PM.
     1>Project "C:\Users\admin\documents\visual studio 2010\Projects\FirstCuda\StreamAsyncLoading\StreamAsyncLoading.vcxproj" on node 4 (build target(s)).
     1>InitializeBuildStatus:
         Creating "Debug\StreamAsyncLoading.unsuccessfulbuild" because "AlwaysCreate" was specified.
       AddCudaCompileDeps:
         C:\Program Files (x86)\Microsoft Visual Studio 10.0\VC\bin\cl.exe /E /nologo /showIncludes /TP /D__CUDACC__ /DWIN32 /D_DEBUG /D_CONSOLE /D_MBCS /I"C:\Program Files\NVIDIA GPU Computing Toolkit\CUDA\v5.5\include" /I"C:\Program Files\NVIDIA GPU Computing Toolkit\CUDA\v5.5\bin" /I"C:\Program Files\NVIDIA GPU Computing Toolkit\CUDA\v5.5\include" /I. /FIcuda_runtime.h /c "C:\Users\admin\documents\visual studio 2010\Projects\FirstCuda\StreamAsyncLoading\kernelStr.cu" 
       AddCudaCompilePropsDeps:
       Skipping target "AddCudaCompilePropsDeps" because all output files are up-to-date with respect to the input files.
       CudaBuild:
         Compiling CUDA source file kernelStr.cu...
         cmd.exe /C "C:\Users\admin\AppData\Local\Temp\tmp869e5d9597c34dd59dbf610f8a9bbc18.cmd"
         "C:\Program Files\NVIDIA GPU Computing Toolkit\CUDA\v5.5\bin\nvcc.exe" -gencode=arch=compute_10,code=\"sm_10,compute_10\" --use-local-env --cl-version 2010 -ccbin "C:\Program Files (x86)\Microsoft Visual Studio 10.0\VC\bin"  -I"C:\Program Files\NVIDIA GPU Computing Toolkit\CUDA\v5.5\include" -I"C:\Program Files\NVIDIA GPU Computing Toolkit\CUDA\v5.5\include"  -G   --keep-dir Debug -maxrregcount=0  --machine 32 --compile -cudart static  -g   -DWIN32 -D_DEBUG -D_CONSOLE -D_MBCS -Xcompiler "/EHsc /W3 /nologo /Od /Zi /RTC1 /MDd  " -o Debug\kernelStr.cu.obj "C:\Users\admin\documents\visual studio 2010\Projects\FirstCuda\StreamAsyncLoading\kernelStr.cu"
         
         C:\Users\admin\documents\visual studio 2010\Projects\FirstCuda\StreamAsyncLoading>"C:\Program Files\NVIDIA GPU Computing Toolkit\CUDA\v5.5\bin\nvcc.exe" -gencode=arch=compute_10,code=\"sm_10,compute_10\" --use-local-env --cl-version 2010 -ccbin "C:\Program Files (x86)\Microsoft Visual Studio 10.0\VC\bin"  -I"C:\Program Files\NVIDIA GPU Computing Toolkit\CUDA\v5.5\include" -I"C:\Program Files\NVIDIA GPU Computing Toolkit\CUDA\v5.5\include"  -G   --keep-dir Debug -maxrregcount=0  --machine 32 --compile -cudart static  -g   -DWIN32 -D_DEBUG -D_CONSOLE -D_MBCS -Xcompiler "/EHsc /W3 /nologo /Od /Zi /RTC1 /MDd  " -o Debug\kernelStr.cu.obj "C:\Users\admin\documents\visual studio 2010\Projects\FirstCuda\StreamAsyncLoading\kernelStr.cu" 
     1>C:/Users/admin/documents/visual studio 2010/Projects/FirstCuda/StreamAsyncLoading/kernelStr.cu(47): warning C4244: '=' : conversion from 'int' to 'float', possible loss of data
       ManifestResourceCompile:
         All outputs are up-to-date.
       Link:
         C:\Program Files (x86)\Microsoft Visual Studio 10.0\VC\bin\link.exe /ERRORREPORT:PROMPT /OUT:"C:\Users\admin\documents\visual studio 2010\Projects\FirstCuda\Debug\StreamAsyncLoading.exe" /INCREMENTAL /NOLOGO /LIBPATH:"C:\Program Files\NVIDIA GPU Computing Toolkit\CUDA\v5.5\lib\Win32" cudart.lib kernel32.lib user32.lib gdi32.lib winspool.lib comdlg32.lib advapi32.lib shell32.lib ole32.lib oleaut32.lib uuid.lib odbc32.lib odbccp32.lib kernel32.lib user32.lib gdi32.lib winspool.lib comdlg32.lib advapi32.lib shell32.lib ole32.lib oleaut32.lib uuid.lib odbc32.lib odbccp32.lib /MANIFEST /ManifestFile:"Debug\StreamAsyncLoading.exe.intermediate.manifest" /MANIFESTUAC:"level='asInvoker' uiAccess='false'" /DEBUG /PDB:"C:\Users\admin\documents\visual studio 2010\Projects\FirstCuda\Debug\StreamAsyncLoading.pdb" /SUBSYSTEM:CONSOLE /TLBID:1 /DYNAMICBASE /NXCOMPAT /IMPLIB:"C:\Users\admin\documents\visual studio 2010\Projects\FirstCuda\Debug\StreamAsyncLoading.lib" /MACHINE:X86 Debug\kernelStr.cu.obj
         Debug\StreamAsyncLoading.exe.embed.manifest.res
       Manifest:
         C:\Program Files (x86)\Microsoft SDKs\Windows\v7.0A\bin\mt.exe /nologo /verbose /out:"Debug\StreamAsyncLoading.exe.embed.manifest" /manifest Debug\StreamAsyncLoading.exe.intermediate.manifest
         All outputs are up-to-date.
       LinkEmbedManifest:
         All outputs are up-to-date.
         StreamAsyncLoading.vcxproj -> C:\Users\admin\documents\visual studio 2010\Projects\FirstCuda\Debug\StreamAsyncLoading.exe
       PostBuildEvent:
         echo copy "C:\Program Files\NVIDIA GPU Computing Toolkit\CUDA\v5.5\bin\cudart*.dll" "C:\Users\admin\documents\visual studio 2010\Projects\FirstCuda\Debug\"
         copy "C:\Program Files\NVIDIA GPU Computing Toolkit\CUDA\v5.5\bin\cudart*.dll" "C:\Users\admin\documents\visual studio 2010\Projects\FirstCuda\Debug\"
         :VCEnd
         copy "C:\Program Files\NVIDIA GPU Computing Toolkit\CUDA\v5.5\bin\cudart*.dll" "C:\Users\admin\documents\visual studio 2010\Projects\FirstCuda\Debug\"
         C:\Program Files\NVIDIA GPU Computing Toolkit\CUDA\v5.5\bin\cudart32_55.dll
         C:\Program Files\NVIDIA GPU Computing Toolkit\CUDA\v5.5\bin\cudart64_55.dll
                 2 file(s) copied.
       FinalizeBuildStatus:
         Deleting file "Debug\StreamAsyncLoading.unsuccessfulbuild".
         Touching "Debug\StreamAsyncLoading.lastbuildstate".
     1>Done Building Project "C:\Users\admin\documents\visual studio 2010\Projects\FirstCuda\StreamAsyncLoading\StreamAsyncLoading.vcxproj" (build target(s)).

Build succeeded.

Time Elapsed 00:00:09.67
